<?xml version="1.0" encoding="UTF-8"?>
<testng-results skipped="0" failed="0" total="1" passed="1">
  <reporter-output>
  </reporter-output>
  <suite name="Default suite" duration-ms="22483" started-at="2019-08-13T09:02:41Z" finished-at="2019-08-13T09:03:04Z">
    <groups>
    </groups>
    <test name="Default test" duration-ms="22483" started-at="2019-08-13T09:02:41Z" finished-at="2019-08-13T09:03:04Z">
      <class name="appium.FirstAppium">
        <test-method status="PASS" signature="setup()[pri:0, instance:appium.FirstAppium@2286778]" name="setup" is-config="true" duration-ms="9079" started-at="2019-08-13T17:02:41Z" finished-at="2019-08-13T17:02:50Z">
          <reporter-output>
          </reporter-output>
        </test-method> <!-- setup -->
        <test-method status="PASS" signature="plus()[pri:0, instance:appium.FirstAppium@2286778]" name="plus" duration-ms="12572" started-at="2019-08-13T17:02:50Z" finished-at="2019-08-13T17:03:03Z">
          <reporter-output>
          </reporter-output>
        </test-method> <!-- plus -->
        <test-method status="PASS" signature="tearDown()[pri:0, instance:appium.FirstAppium@2286778]" name="tearDown" is-config="true" duration-ms="821" started-at="2019-08-13T17:03:03Z" finished-at="2019-08-13T17:03:04Z">
          <reporter-output>
          </reporter-output>
        </test-method> <!-- tearDown -->
      </class> <!-- appium.FirstAppium -->
    </test> <!-- Default test -->
  </suite> <!-- Default suite -->
</testng-results>
